[
  {
    "line": 4,
    "elements": [
      {
        "start_timestamp": "2024-12-17T17:09:14.356Z",
        "before": [
          {
            "result": {
              "error_message": "java.lang.IllegalArgumentException: Usuário e driver não podem ser nulos\r\n\tat automacao.utils.MassaDeDados.cadastrar(MassaDeDados.java:33)\r\n\tat automacao.steps.Hooks.geraMassaDeDadosComSaldo(Hooks.java:43)\r\n",
              "duration": 366865800,
              "status": "failed"
            },
            "match": {
              "location": "automacao.steps.Hooks.geraMassaDeDadosComSaldo()"
            }
          },
          {
            "result": {
              "duration": 5062203000,
              "status": "passed"
            },
            "match": {
              "location": "automacao.steps.Hooks.setUp()"
            }
          }
        ],
        "line": 15,
        "name": "Verificar nome e inicial",
        "description": "",
        "id": "testa-página-home;verificar-nome-e-inicial;;2",
        "after": [
          {
            "result": {
              "duration": 515127100,
              "status": "passed"
            },
            "match": {
              "location": "automacao.steps.Hooks.tearDown()"
            }
          }
        ],
        "type": "scenario",
        "keyword": "Esquema do Cenário",
        "steps": [
          {
            "result": {
              "duration": 1990300,
              "status": "skipped"
            },
            "line": 9,
            "name": "que eu esteja na tela inicial",
            "match": {
              "location": "automacao.steps.HomeSteps.que_eu_esteja_na_tela_inicial()"
            },
            "keyword": "Dado "
          },
          {
            "result": {
              "duration": 2001300,
              "status": "skipped"
            },
            "line": 10,
            "name": "realizar o login sem saldo",
            "match": {
              "location": "automacao.steps.HomeSteps.realizar_o_login_sem_saldo()"
            },
            "keyword": "Quando "
          },
          {
            "result": {
              "status": "skipped"
            },
            "line": 11,
            "name": "o nome e a inicial deve ser o mesmo de cadastro",
            "match": {
              "location": "automacao.steps.HomeSteps.o_nome_e_a_inicial_deve_ser_o_mesmo_de_cadastro()"
            },
            "keyword": "Entao "
          }
        ],
        "tags": [
          {
            "name": "@Home"
          },
          {
            "name": "@I"
          },
          {
            "name": "@MassaComSaldo"
          },
          {
            "name": "@CT001_VerificarNomeEInicial"
          }
        ]
      },
      {
        "start_timestamp": "2024-12-17T17:09:20.563Z",
        "before": [
          {
            "result": {
              "error_message": "java.lang.RuntimeException: Erro ao cadastrar usuário: Session ID is null. Using WebDriver after calling quit()?\nBuild info: version: \u00274.14.0\u0027, revision: \u0027e5a96349ce\u0027\nSystem info: os.name: \u0027Windows 10\u0027, os.arch: \u0027amd64\u0027, os.version: \u002710.0\u0027, java.version: \u002717.0.10\u0027\nDriver info: org.openqa.selenium.chrome.ChromeDriver\nCommand: [null, findElement {using\u003dxpath, value\u003d//*[@id\u003d\"__next\"]/div/div[2]/div/div[1]/form/div[3]/button[2]}]\nCapabilities {acceptInsecureCerts: false, browserName: chrome, browserVersion: 131.0.6778.140, chrome: {chromedriverVersion: 131.0.6778.108 (3b014839fbc..., userDataDir: C:\\Users\\joaov\\AppData\\Loca...}, fedcm:accounts: true, goog:chromeOptions: {debuggerAddress: localhost:62633}, networkConnectionEnabled: false, pageLoadStrategy: normal, platformName: windows, proxy: Proxy(), se:cdp: ws://localhost:62633/devtoo..., se:cdpVersion: 131.0.6778.140, setWindowRect: true, strictFileInteractability: false, timeouts: {implicit: 0, pageLoad: 300000, script: 30000}, unhandledPromptBehavior: dismiss and notify, webauthn:extension:credBlob: true, webauthn:extension:largeBlob: true, webauthn:extension:minPinLength: true, webauthn:extension:prf: true, webauthn:virtualAuthenticators: true}\r\n\tat automacao.utils.MassaDeDados.cadastrar(MassaDeDados.java:53)\r\n\tat automacao.steps.Hooks.geraMassaDeDadosSemSaldo(Hooks.java:52)\r\nCaused by: org.openqa.selenium.NoSuchSessionException: Session ID is null. Using WebDriver after calling quit()?\nBuild info: version: \u00274.14.0\u0027, revision: \u0027e5a96349ce\u0027\nSystem info: os.name: \u0027Windows 10\u0027, os.arch: \u0027amd64\u0027, os.version: \u002710.0\u0027, java.version: \u002717.0.10\u0027\nDriver info: org.openqa.selenium.chrome.ChromeDriver\nCommand: [null, findElement {using\u003dxpath, value\u003d//*[@id\u003d\"__next\"]/div/div[2]/div/div[1]/form/div[3]/button[2]}]\nCapabilities {acceptInsecureCerts: false, browserName: chrome, browserVersion: 131.0.6778.140, chrome: {chromedriverVersion: 131.0.6778.108 (3b014839fbc..., userDataDir: C:\\Users\\joaov\\AppData\\Loca...}, fedcm:accounts: true, goog:chromeOptions: {debuggerAddress: localhost:62633}, networkConnectionEnabled: false, pageLoadStrategy: normal, platformName: windows, proxy: Proxy(), se:cdp: ws://localhost:62633/devtoo..., se:cdpVersion: 131.0.6778.140, setWindowRect: true, strictFileInteractability: false, timeouts: {implicit: 0, pageLoad: 300000, script: 30000}, unhandledPromptBehavior: dismiss and notify, webauthn:extension:credBlob: true, webauthn:extension:largeBlob: true, webauthn:extension:minPinLength: true, webauthn:extension:prf: true, webauthn:virtualAuthenticators: true}\r\n\tat org.openqa.selenium.remote.HttpCommandExecutor.execute(HttpCommandExecutor.java:152)\r\n\tat org.openqa.selenium.remote.service.DriverCommandExecutor.invokeExecute(DriverCommandExecutor.java:196)\r\n\tat org.openqa.selenium.remote.service.DriverCommandExecutor.execute(DriverCommandExecutor.java:171)\r\n\tat org.openqa.selenium.remote.RemoteWebDriver.execute(RemoteWebDriver.java:602)\r\n\tat org.openqa.selenium.remote.ElementLocation$ElementFinder$2.findElement(ElementLocation.java:165)\r\n\tat org.openqa.selenium.remote.ElementLocation.findElement(ElementLocation.java:59)\r\n\tat org.openqa.selenium.remote.RemoteWebDriver.findElement(RemoteWebDriver.java:359)\r\n\tat org.openqa.selenium.remote.RemoteWebDriver.findElement(RemoteWebDriver.java:353)\r\n\tat org.openqa.selenium.support.pagefactory.DefaultElementLocator.findElement(DefaultElementLocator.java:68)\r\n\tat org.openqa.selenium.support.pagefactory.internal.LocatingElementHandler.invoke(LocatingElementHandler.java:38)\r\n\tat jdk.proxy2/jdk.proxy2.$Proxy20.isDisplayed(Unknown Source)\r\n\tat org.openqa.selenium.support.ui.ExpectedConditions.elementIfVisible(ExpectedConditions.java:304)\r\n\tat org.openqa.selenium.support.ui.ExpectedConditions$10.apply(ExpectedConditions.java:290)\r\n\tat org.openqa.selenium.support.ui.ExpectedConditions$10.apply(ExpectedConditions.java:287)\r\n\tat org.openqa.selenium.support.ui.ExpectedConditions$23.apply(ExpectedConditions.java:656)\r\n\tat org.openqa.selenium.support.ui.ExpectedConditions$23.apply(ExpectedConditions.java:652)\r\n\tat org.openqa.selenium.support.ui.FluentWait.until(FluentWait.java:205)\r\n\tat automacao.utils.PageUtils.clicar(PageUtils.java:31)\r\n\tat automacao.pages.CadastroPage.clickRegistrar(CadastroPage.java:90)\r\n\tat automacao.utils.MassaDeDados.cadastrar(MassaDeDados.java:38)\r\n\tat automacao.steps.Hooks.geraMassaDeDadosSemSaldo(Hooks.java:52)\r\n\tat java.base/jdk.internal.reflect.NativeMethodAccessorImpl.invoke0(Native Method)\r\n\tat java.base/jdk.internal.reflect.NativeMethodAccessorImpl.invoke(NativeMethodAccessorImpl.java:77)\r\n\tat java.base/jdk.internal.reflect.DelegatingMethodAccessorImpl.invoke(DelegatingMethodAccessorImpl.java:43)\r\n\tat java.base/java.lang.reflect.Method.invoke(Method.java:568)\r\n\tat io.cucumber.java.Invoker.doInvoke(Invoker.java:66)\r\n\tat io.cucumber.java.Invoker.invoke(Invoker.java:24)\r\n\tat io.cucumber.java.AbstractGlueDefinition.invokeMethod(AbstractGlueDefinition.java:47)\r\n\tat io.cucumber.java.JavaHookDefinition.execute(JavaHookDefinition.java:59)\r\n\tat io.cucumber.core.runner.CoreHookDefinition.execute(CoreHookDefinition.java:46)\r\n\tat io.cucumber.core.runner.HookDefinitionMatch.runStep(HookDefinitionMatch.java:21)\r\n\tat io.cucumber.core.runner.ExecutionMode$1.execute(ExecutionMode.java:10)\r\n\tat io.cucumber.core.runner.TestStep.executeStep(TestStep.java:92)\r\n\tat io.cucumber.core.runner.TestStep.run(TestStep.java:64)\r\n\tat io.cucumber.core.runner.TestCase.run(TestCase.java:98)\r\n\tat io.cucumber.core.runner.Runner.runPickle(Runner.java:73)\r\n\tat io.cucumber.junit.PickleRunners$NoStepDescriptions.run(PickleRunners.java:151)\r\n\tat io.cucumber.junit.FeatureRunner.runChild(FeatureRunner.java:135)\r\n\tat io.cucumber.junit.FeatureRunner.runChild(FeatureRunner.java:27)\r\n\tat org.junit.runners.ParentRunner$4.run(ParentRunner.java:331)\r\n\tat org.junit.runners.ParentRunner$1.schedule(ParentRunner.java:79)\r\n\tat org.junit.runners.ParentRunner.runChildren(ParentRunner.java:329)\r\n\tat org.junit.runners.ParentRunner.access$100(ParentRunner.java:66)\r\n\tat org.junit.runners.ParentRunner$2.evaluate(ParentRunner.java:293)\r\n\tat org.junit.runners.ParentRunner$3.evaluate(ParentRunner.java:306)\r\n\tat org.junit.runners.ParentRunner.run(ParentRunner.java:413)\r\n\tat io.cucumber.junit.Cucumber.runChild(Cucumber.java:200)\r\n\tat io.cucumber.junit.Cucumber.runChild(Cucumber.java:90)\r\n\tat org.junit.runners.ParentRunner$4.run(ParentRunner.java:331)\r\n\tat org.junit.runners.ParentRunner$1.schedule(ParentRunner.java:79)\r\n\tat org.junit.runners.ParentRunner.runChildren(ParentRunner.java:329)\r\n\tat org.junit.runners.ParentRunner.access$100(ParentRunner.java:66)\r\n\tat org.junit.runners.ParentRunner$2.evaluate(ParentRunner.java:293)\r\n\tat io.cucumber.junit.Cucumber$RunCucumber.evaluate(Cucumber.java:235)\r\n\tat org.junit.runners.ParentRunner$3.evaluate(ParentRunner.java:306)\r\n\tat org.junit.runners.ParentRunner.run(ParentRunner.java:413)\r\n\tat org.eclipse.jdt.internal.junit4.runner.JUnit4TestReference.run(JUnit4TestReference.java:93)\r\n\tat org.eclipse.jdt.internal.junit.runner.TestExecution.run(TestExecution.java:40)\r\n\tat org.eclipse.jdt.internal.junit.runner.RemoteTestRunner.runTests(RemoteTestRunner.java:530)\r\n\tat org.eclipse.jdt.internal.junit.runner.RemoteTestRunner.runTests(RemoteTestRunner.java:758)\r\n\tat org.eclipse.jdt.internal.junit.runner.RemoteTestRunner.run(RemoteTestRunner.java:453)\r\n\tat org.eclipse.jdt.internal.junit.runner.RemoteTestRunner.main(RemoteTestRunner.java:211)\r\n",
              "duration": 118524800,
              "status": "failed"
            },
            "match": {
              "location": "automacao.steps.Hooks.geraMassaDeDadosSemSaldo()"
            }
          },
          {
            "result": {
              "duration": 1299993300,
              "status": "passed"
            },
            "match": {
              "location": "automacao.steps.Hooks.setUp()"
            }
          }
        ],
        "line": 26,
        "name": "Verificar o número da conta",
        "description": "",
        "id": "testa-página-home;verificar-o-número-da-conta;;2",
        "after": [
          {
            "result": {
              "duration": 828378700,
              "status": "passed"
            },
            "match": {
              "location": "automacao.steps.Hooks.tearDown()"
            }
          }
        ],
        "type": "scenario",
        "keyword": "Esquema do Cenário",
        "steps": [
          {
            "result": {
              "status": "skipped"
            },
            "line": 20,
            "name": "que eu esteja na tela inicial",
            "match": {
              "location": "automacao.steps.HomeSteps.que_eu_esteja_na_tela_inicial()"
            },
            "keyword": "Dado "
          },
          {
            "result": {
              "status": "skipped"
            },
            "line": 21,
            "name": "realizar o login sem saldo",
            "match": {
              "location": "automacao.steps.HomeSteps.realizar_o_login_sem_saldo()"
            },
            "keyword": "Quando "
          },
          {
            "result": {
              "duration": 998500,
              "status": "skipped"
            },
            "line": 22,
            "name": "o numero da conta deve ser referente ao login realizado",
            "match": {
              "location": "automacao.steps.HomeSteps.o_numero_da_conta_deve_ser_referente_ao_login_realizado()"
            },
            "keyword": "Entao "
          }
        ],
        "tags": [
          {
            "name": "@Home"
          },
          {
            "name": "@I"
          },
          {
            "name": "@MassaSemSaldo"
          },
          {
            "name": "@CT002_VerificarONumeroDaConta"
          }
        ]
      },
      {
        "start_timestamp": "2024-12-17T17:09:22.936Z",
        "before": [
          {
            "result": {
              "error_message": "java.lang.RuntimeException: Erro ao cadastrar usuário: Session ID is null. Using WebDriver after calling quit()?\nBuild info: version: \u00274.14.0\u0027, revision: \u0027e5a96349ce\u0027\nSystem info: os.name: \u0027Windows 10\u0027, os.arch: \u0027amd64\u0027, os.version: \u002710.0\u0027, java.version: \u002717.0.10\u0027\nDriver info: org.openqa.selenium.chrome.ChromeDriver\nCommand: [null, findElement {using\u003dxpath, value\u003d//*[@id\u003d\"__next\"]/div/div[2]/div/div[1]/form/div[3]/button[2]}]\nCapabilities {acceptInsecureCerts: false, browserName: chrome, browserVersion: 131.0.6778.140, chrome: {chromedriverVersion: 131.0.6778.108 (3b014839fbc..., userDataDir: C:\\Users\\joaov\\AppData\\Loca...}, fedcm:accounts: true, goog:chromeOptions: {debuggerAddress: localhost:62651}, networkConnectionEnabled: false, pageLoadStrategy: normal, platformName: windows, proxy: Proxy(), se:cdp: ws://localhost:62651/devtoo..., se:cdpVersion: 131.0.6778.140, setWindowRect: true, strictFileInteractability: false, timeouts: {implicit: 0, pageLoad: 300000, script: 30000}, unhandledPromptBehavior: dismiss and notify, webauthn:extension:credBlob: true, webauthn:extension:largeBlob: true, webauthn:extension:minPinLength: true, webauthn:extension:prf: true, webauthn:virtualAuthenticators: true}\r\n\tat automacao.utils.MassaDeDados.cadastrar(MassaDeDados.java:53)\r\n\tat automacao.steps.Hooks.geraMassaDeDadosSemSaldo(Hooks.java:52)\r\nCaused by: org.openqa.selenium.NoSuchSessionException: Session ID is null. Using WebDriver after calling quit()?\nBuild info: version: \u00274.14.0\u0027, revision: \u0027e5a96349ce\u0027\nSystem info: os.name: \u0027Windows 10\u0027, os.arch: \u0027amd64\u0027, os.version: \u002710.0\u0027, java.version: \u002717.0.10\u0027\nDriver info: org.openqa.selenium.chrome.ChromeDriver\nCommand: [null, findElement {using\u003dxpath, value\u003d//*[@id\u003d\"__next\"]/div/div[2]/div/div[1]/form/div[3]/button[2]}]\nCapabilities {acceptInsecureCerts: false, browserName: chrome, browserVersion: 131.0.6778.140, chrome: {chromedriverVersion: 131.0.6778.108 (3b014839fbc..., userDataDir: C:\\Users\\joaov\\AppData\\Loca...}, fedcm:accounts: true, goog:chromeOptions: {debuggerAddress: localhost:62651}, networkConnectionEnabled: false, pageLoadStrategy: normal, platformName: windows, proxy: Proxy(), se:cdp: ws://localhost:62651/devtoo..., se:cdpVersion: 131.0.6778.140, setWindowRect: true, strictFileInteractability: false, timeouts: {implicit: 0, pageLoad: 300000, script: 30000}, unhandledPromptBehavior: dismiss and notify, webauthn:extension:credBlob: true, webauthn:extension:largeBlob: true, webauthn:extension:minPinLength: true, webauthn:extension:prf: true, webauthn:virtualAuthenticators: true}\r\n\tat org.openqa.selenium.remote.HttpCommandExecutor.execute(HttpCommandExecutor.java:152)\r\n\tat org.openqa.selenium.remote.service.DriverCommandExecutor.invokeExecute(DriverCommandExecutor.java:196)\r\n\tat org.openqa.selenium.remote.service.DriverCommandExecutor.execute(DriverCommandExecutor.java:171)\r\n\tat org.openqa.selenium.remote.RemoteWebDriver.execute(RemoteWebDriver.java:602)\r\n\tat org.openqa.selenium.remote.ElementLocation$ElementFinder$2.findElement(ElementLocation.java:165)\r\n\tat org.openqa.selenium.remote.ElementLocation.findElement(ElementLocation.java:59)\r\n\tat org.openqa.selenium.remote.RemoteWebDriver.findElement(RemoteWebDriver.java:359)\r\n\tat org.openqa.selenium.remote.RemoteWebDriver.findElement(RemoteWebDriver.java:353)\r\n\tat org.openqa.selenium.support.pagefactory.DefaultElementLocator.findElement(DefaultElementLocator.java:68)\r\n\tat org.openqa.selenium.support.pagefactory.internal.LocatingElementHandler.invoke(LocatingElementHandler.java:38)\r\n\tat jdk.proxy2/jdk.proxy2.$Proxy20.isDisplayed(Unknown Source)\r\n\tat org.openqa.selenium.support.ui.ExpectedConditions.elementIfVisible(ExpectedConditions.java:304)\r\n\tat org.openqa.selenium.support.ui.ExpectedConditions$10.apply(ExpectedConditions.java:290)\r\n\tat org.openqa.selenium.support.ui.ExpectedConditions$10.apply(ExpectedConditions.java:287)\r\n\tat org.openqa.selenium.support.ui.ExpectedConditions$23.apply(ExpectedConditions.java:656)\r\n\tat org.openqa.selenium.support.ui.ExpectedConditions$23.apply(ExpectedConditions.java:652)\r\n\tat org.openqa.selenium.support.ui.FluentWait.until(FluentWait.java:205)\r\n\tat automacao.utils.PageUtils.clicar(PageUtils.java:31)\r\n\tat automacao.pages.CadastroPage.clickRegistrar(CadastroPage.java:90)\r\n\tat automacao.utils.MassaDeDados.cadastrar(MassaDeDados.java:38)\r\n\tat automacao.steps.Hooks.geraMassaDeDadosSemSaldo(Hooks.java:52)\r\n\tat java.base/jdk.internal.reflect.NativeMethodAccessorImpl.invoke0(Native Method)\r\n\tat java.base/jdk.internal.reflect.NativeMethodAccessorImpl.invoke(NativeMethodAccessorImpl.java:77)\r\n\tat java.base/jdk.internal.reflect.DelegatingMethodAccessorImpl.invoke(DelegatingMethodAccessorImpl.java:43)\r\n\tat java.base/java.lang.reflect.Method.invoke(Method.java:568)\r\n\tat io.cucumber.java.Invoker.doInvoke(Invoker.java:66)\r\n\tat io.cucumber.java.Invoker.invoke(Invoker.java:24)\r\n\tat io.cucumber.java.AbstractGlueDefinition.invokeMethod(AbstractGlueDefinition.java:47)\r\n\tat io.cucumber.java.JavaHookDefinition.execute(JavaHookDefinition.java:59)\r\n\tat io.cucumber.core.runner.CoreHookDefinition.execute(CoreHookDefinition.java:46)\r\n\tat io.cucumber.core.runner.HookDefinitionMatch.runStep(HookDefinitionMatch.java:21)\r\n\tat io.cucumber.core.runner.ExecutionMode$1.execute(ExecutionMode.java:10)\r\n\tat io.cucumber.core.runner.TestStep.executeStep(TestStep.java:92)\r\n\tat io.cucumber.core.runner.TestStep.run(TestStep.java:64)\r\n\tat io.cucumber.core.runner.TestCase.run(TestCase.java:98)\r\n\tat io.cucumber.core.runner.Runner.runPickle(Runner.java:73)\r\n\tat io.cucumber.junit.PickleRunners$NoStepDescriptions.run(PickleRunners.java:151)\r\n\tat io.cucumber.junit.FeatureRunner.runChild(FeatureRunner.java:135)\r\n\tat io.cucumber.junit.FeatureRunner.runChild(FeatureRunner.java:27)\r\n\tat org.junit.runners.ParentRunner$4.run(ParentRunner.java:331)\r\n\tat org.junit.runners.ParentRunner$1.schedule(ParentRunner.java:79)\r\n\tat org.junit.runners.ParentRunner.runChildren(ParentRunner.java:329)\r\n\tat org.junit.runners.ParentRunner.access$100(ParentRunner.java:66)\r\n\tat org.junit.runners.ParentRunner$2.evaluate(ParentRunner.java:293)\r\n\tat org.junit.runners.ParentRunner$3.evaluate(ParentRunner.java:306)\r\n\tat org.junit.runners.ParentRunner.run(ParentRunner.java:413)\r\n\tat io.cucumber.junit.Cucumber.runChild(Cucumber.java:200)\r\n\tat io.cucumber.junit.Cucumber.runChild(Cucumber.java:90)\r\n\tat org.junit.runners.ParentRunner$4.run(ParentRunner.java:331)\r\n\tat org.junit.runners.ParentRunner$1.schedule(ParentRunner.java:79)\r\n\tat org.junit.runners.ParentRunner.runChildren(ParentRunner.java:329)\r\n\tat org.junit.runners.ParentRunner.access$100(ParentRunner.java:66)\r\n\tat org.junit.runners.ParentRunner$2.evaluate(ParentRunner.java:293)\r\n\tat io.cucumber.junit.Cucumber$RunCucumber.evaluate(Cucumber.java:235)\r\n\tat org.junit.runners.ParentRunner$3.evaluate(ParentRunner.java:306)\r\n\tat org.junit.runners.ParentRunner.run(ParentRunner.java:413)\r\n\tat org.eclipse.jdt.internal.junit4.runner.JUnit4TestReference.run(JUnit4TestReference.java:93)\r\n\tat org.eclipse.jdt.internal.junit.runner.TestExecution.run(TestExecution.java:40)\r\n\tat org.eclipse.jdt.internal.junit.runner.RemoteTestRunner.runTests(RemoteTestRunner.java:530)\r\n\tat org.eclipse.jdt.internal.junit.runner.RemoteTestRunner.runTests(RemoteTestRunner.java:758)\r\n\tat org.eclipse.jdt.internal.junit.runner.RemoteTestRunner.run(RemoteTestRunner.java:453)\r\n\tat org.eclipse.jdt.internal.junit.runner.RemoteTestRunner.main(RemoteTestRunner.java:211)\r\n",
              "duration": 296001200,
              "status": "failed"
            },
            "match": {
              "location": "automacao.steps.Hooks.geraMassaDeDadosSemSaldo()"
            }
          },
          {
            "result": {
              "duration": 2619024400,
              "status": "passed"
            },
            "match": {
              "location": "automacao.steps.Hooks.setUp()"
            }
          }
        ],
        "line": 37,
        "name": "Verificar conta sem saldo",
        "description": "",
        "id": "testa-página-home;verificar-conta-sem-saldo;;2",
        "after": [
          {
            "result": {
              "duration": 268070900,
              "status": "passed"
            },
            "match": {
              "location": "automacao.steps.Hooks.tearDown()"
            }
          }
        ],
        "type": "scenario",
        "keyword": "Esquema do Cenário",
        "steps": [
          {
            "result": {
              "status": "skipped"
            },
            "line": 31,
            "name": "que eu esteja na tela inicial",
            "match": {
              "location": "automacao.steps.HomeSteps.que_eu_esteja_na_tela_inicial()"
            },
            "keyword": "Dado "
          },
          {
            "result": {
              "status": "skipped"
            },
            "line": 32,
            "name": "realizar o login sem saldo",
            "match": {
              "location": "automacao.steps.HomeSteps.realizar_o_login_sem_saldo()"
            },
            "keyword": "Quando "
          },
          {
            "result": {
              "status": "skipped"
            },
            "line": 33,
            "name": "o saldo da conta deve ser zero",
            "match": {
              "location": "automacao.steps.HomeSteps.o_saldo_da_conta_deve_ser_zero()"
            },
            "keyword": "Entao "
          }
        ],
        "tags": [
          {
            "name": "@Home"
          },
          {
            "name": "@I"
          },
          {
            "name": "@MassaSemSaldo"
          },
          {
            "name": "@CT003_VerificarContaSemSaldo"
          }
        ]
      },
      {
        "start_timestamp": "2024-12-17T17:09:26.165Z",
        "before": [
          {
            "result": {
              "error_message": "java.lang.RuntimeException: Erro ao cadastrar usuário: Session ID is null. Using WebDriver after calling quit()?\nBuild info: version: \u00274.14.0\u0027, revision: \u0027e5a96349ce\u0027\nSystem info: os.name: \u0027Windows 10\u0027, os.arch: \u0027amd64\u0027, os.version: \u002710.0\u0027, java.version: \u002717.0.10\u0027\nDriver info: org.openqa.selenium.chrome.ChromeDriver\nCommand: [null, findElement {using\u003dxpath, value\u003d//*[@id\u003d\"__next\"]/div/div[2]/div/div[1]/form/div[3]/button[2]}]\nCapabilities {acceptInsecureCerts: false, browserName: chrome, browserVersion: 131.0.6778.140, chrome: {chromedriverVersion: 131.0.6778.108 (3b014839fbc..., userDataDir: C:\\Users\\joaov\\AppData\\Loca...}, fedcm:accounts: true, goog:chromeOptions: {debuggerAddress: localhost:62670}, networkConnectionEnabled: false, pageLoadStrategy: normal, platformName: windows, proxy: Proxy(), se:cdp: ws://localhost:62670/devtoo..., se:cdpVersion: 131.0.6778.140, setWindowRect: true, strictFileInteractability: false, timeouts: {implicit: 0, pageLoad: 300000, script: 30000}, unhandledPromptBehavior: dismiss and notify, webauthn:extension:credBlob: true, webauthn:extension:largeBlob: true, webauthn:extension:minPinLength: true, webauthn:extension:prf: true, webauthn:virtualAuthenticators: true}\r\n\tat automacao.utils.MassaDeDados.cadastrar(MassaDeDados.java:53)\r\n\tat automacao.steps.Hooks.geraMassaDeDadosComSaldo(Hooks.java:43)\r\nCaused by: org.openqa.selenium.NoSuchSessionException: Session ID is null. Using WebDriver after calling quit()?\nBuild info: version: \u00274.14.0\u0027, revision: \u0027e5a96349ce\u0027\nSystem info: os.name: \u0027Windows 10\u0027, os.arch: \u0027amd64\u0027, os.version: \u002710.0\u0027, java.version: \u002717.0.10\u0027\nDriver info: org.openqa.selenium.chrome.ChromeDriver\nCommand: [null, findElement {using\u003dxpath, value\u003d//*[@id\u003d\"__next\"]/div/div[2]/div/div[1]/form/div[3]/button[2]}]\nCapabilities {acceptInsecureCerts: false, browserName: chrome, browserVersion: 131.0.6778.140, chrome: {chromedriverVersion: 131.0.6778.108 (3b014839fbc..., userDataDir: C:\\Users\\joaov\\AppData\\Loca...}, fedcm:accounts: true, goog:chromeOptions: {debuggerAddress: localhost:62670}, networkConnectionEnabled: false, pageLoadStrategy: normal, platformName: windows, proxy: Proxy(), se:cdp: ws://localhost:62670/devtoo..., se:cdpVersion: 131.0.6778.140, setWindowRect: true, strictFileInteractability: false, timeouts: {implicit: 0, pageLoad: 300000, script: 30000}, unhandledPromptBehavior: dismiss and notify, webauthn:extension:credBlob: true, webauthn:extension:largeBlob: true, webauthn:extension:minPinLength: true, webauthn:extension:prf: true, webauthn:virtualAuthenticators: true}\r\n\tat org.openqa.selenium.remote.HttpCommandExecutor.execute(HttpCommandExecutor.java:152)\r\n\tat org.openqa.selenium.remote.service.DriverCommandExecutor.invokeExecute(DriverCommandExecutor.java:196)\r\n\tat org.openqa.selenium.remote.service.DriverCommandExecutor.execute(DriverCommandExecutor.java:171)\r\n\tat org.openqa.selenium.remote.RemoteWebDriver.execute(RemoteWebDriver.java:602)\r\n\tat org.openqa.selenium.remote.ElementLocation$ElementFinder$2.findElement(ElementLocation.java:165)\r\n\tat org.openqa.selenium.remote.ElementLocation.findElement(ElementLocation.java:59)\r\n\tat org.openqa.selenium.remote.RemoteWebDriver.findElement(RemoteWebDriver.java:359)\r\n\tat org.openqa.selenium.remote.RemoteWebDriver.findElement(RemoteWebDriver.java:353)\r\n\tat org.openqa.selenium.support.pagefactory.DefaultElementLocator.findElement(DefaultElementLocator.java:68)\r\n\tat org.openqa.selenium.support.pagefactory.internal.LocatingElementHandler.invoke(LocatingElementHandler.java:38)\r\n\tat jdk.proxy2/jdk.proxy2.$Proxy20.isDisplayed(Unknown Source)\r\n\tat org.openqa.selenium.support.ui.ExpectedConditions.elementIfVisible(ExpectedConditions.java:304)\r\n\tat org.openqa.selenium.support.ui.ExpectedConditions$10.apply(ExpectedConditions.java:290)\r\n\tat org.openqa.selenium.support.ui.ExpectedConditions$10.apply(ExpectedConditions.java:287)\r\n\tat org.openqa.selenium.support.ui.ExpectedConditions$23.apply(ExpectedConditions.java:656)\r\n\tat org.openqa.selenium.support.ui.ExpectedConditions$23.apply(ExpectedConditions.java:652)\r\n\tat org.openqa.selenium.support.ui.FluentWait.until(FluentWait.java:205)\r\n\tat automacao.utils.PageUtils.clicar(PageUtils.java:31)\r\n\tat automacao.pages.CadastroPage.clickRegistrar(CadastroPage.java:90)\r\n\tat automacao.utils.MassaDeDados.cadastrar(MassaDeDados.java:38)\r\n\tat automacao.steps.Hooks.geraMassaDeDadosComSaldo(Hooks.java:43)\r\n\tat java.base/jdk.internal.reflect.NativeMethodAccessorImpl.invoke0(Native Method)\r\n\tat java.base/jdk.internal.reflect.NativeMethodAccessorImpl.invoke(NativeMethodAccessorImpl.java:77)\r\n\tat java.base/jdk.internal.reflect.DelegatingMethodAccessorImpl.invoke(DelegatingMethodAccessorImpl.java:43)\r\n\tat java.base/java.lang.reflect.Method.invoke(Method.java:568)\r\n\tat io.cucumber.java.Invoker.doInvoke(Invoker.java:66)\r\n\tat io.cucumber.java.Invoker.invoke(Invoker.java:24)\r\n\tat io.cucumber.java.AbstractGlueDefinition.invokeMethod(AbstractGlueDefinition.java:47)\r\n\tat io.cucumber.java.JavaHookDefinition.execute(JavaHookDefinition.java:59)\r\n\tat io.cucumber.core.runner.CoreHookDefinition.execute(CoreHookDefinition.java:46)\r\n\tat io.cucumber.core.runner.HookDefinitionMatch.runStep(HookDefinitionMatch.java:21)\r\n\tat io.cucumber.core.runner.ExecutionMode$1.execute(ExecutionMode.java:10)\r\n\tat io.cucumber.core.runner.TestStep.executeStep(TestStep.java:92)\r\n\tat io.cucumber.core.runner.TestStep.run(TestStep.java:64)\r\n\tat io.cucumber.core.runner.TestCase.run(TestCase.java:98)\r\n\tat io.cucumber.core.runner.Runner.runPickle(Runner.java:73)\r\n\tat io.cucumber.junit.PickleRunners$NoStepDescriptions.run(PickleRunners.java:151)\r\n\tat io.cucumber.junit.FeatureRunner.runChild(FeatureRunner.java:135)\r\n\tat io.cucumber.junit.FeatureRunner.runChild(FeatureRunner.java:27)\r\n\tat org.junit.runners.ParentRunner$4.run(ParentRunner.java:331)\r\n\tat org.junit.runners.ParentRunner$1.schedule(ParentRunner.java:79)\r\n\tat org.junit.runners.ParentRunner.runChildren(ParentRunner.java:329)\r\n\tat org.junit.runners.ParentRunner.access$100(ParentRunner.java:66)\r\n\tat org.junit.runners.ParentRunner$2.evaluate(ParentRunner.java:293)\r\n\tat org.junit.runners.ParentRunner$3.evaluate(ParentRunner.java:306)\r\n\tat org.junit.runners.ParentRunner.run(ParentRunner.java:413)\r\n\tat io.cucumber.junit.Cucumber.runChild(Cucumber.java:200)\r\n\tat io.cucumber.junit.Cucumber.runChild(Cucumber.java:90)\r\n\tat org.junit.runners.ParentRunner$4.run(ParentRunner.java:331)\r\n\tat org.junit.runners.ParentRunner$1.schedule(ParentRunner.java:79)\r\n\tat org.junit.runners.ParentRunner.runChildren(ParentRunner.java:329)\r\n\tat org.junit.runners.ParentRunner.access$100(ParentRunner.java:66)\r\n\tat org.junit.runners.ParentRunner$2.evaluate(ParentRunner.java:293)\r\n\tat io.cucumber.junit.Cucumber$RunCucumber.evaluate(Cucumber.java:235)\r\n\tat org.junit.runners.ParentRunner$3.evaluate(ParentRunner.java:306)\r\n\tat org.junit.runners.ParentRunner.run(ParentRunner.java:413)\r\n\tat org.eclipse.jdt.internal.junit4.runner.JUnit4TestReference.run(JUnit4TestReference.java:93)\r\n\tat org.eclipse.jdt.internal.junit.runner.TestExecution.run(TestExecution.java:40)\r\n\tat org.eclipse.jdt.internal.junit.runner.RemoteTestRunner.runTests(RemoteTestRunner.java:530)\r\n\tat org.eclipse.jdt.internal.junit.runner.RemoteTestRunner.runTests(RemoteTestRunner.java:758)\r\n\tat org.eclipse.jdt.internal.junit.runner.RemoteTestRunner.run(RemoteTestRunner.java:453)\r\n\tat org.eclipse.jdt.internal.junit.runner.RemoteTestRunner.main(RemoteTestRunner.java:211)\r\n",
              "duration": 115000800,
              "status": "failed"
            },
            "match": {
              "location": "automacao.steps.Hooks.geraMassaDeDadosComSaldo()"
            }
          },
          {
            "result": {
              "duration": 2094797000,
              "status": "passed"
            },
            "match": {
              "location": "automacao.steps.Hooks.setUp()"
            }
          }
        ],
        "line": 48,
        "name": "Verificar conta com saldo",
        "description": "",
        "id": "testa-página-home;verificar-conta-com-saldo;;2",
        "after": [
          {
            "result": {
              "duration": 316898000,
              "status": "passed"
            },
            "match": {
              "location": "automacao.steps.Hooks.tearDown()"
            }
          }
        ],
        "type": "scenario",
        "keyword": "Esquema do Cenário",
        "steps": [
          {
            "result": {
              "status": "skipped"
            },
            "line": 42,
            "name": "que eu esteja na tela inicial",
            "match": {
              "location": "automacao.steps.HomeSteps.que_eu_esteja_na_tela_inicial()"
            },
            "keyword": "Dado "
          },
          {
            "result": {
              "status": "skipped"
            },
            "line": 43,
            "name": "realizar o login com saldo",
            "match": {
              "location": "automacao.steps.HomeSteps.realizar_o_login_com_saldo()"
            },
            "keyword": "Quando "
          },
          {
            "result": {
              "status": "skipped"
            },
            "line": 44,
            "name": "a conta deve possuir saldo",
            "match": {
              "location": "automacao.steps.HomeSteps.a_conta_deve_possuir_saldo()"
            },
            "keyword": "Entao "
          }
        ],
        "tags": [
          {
            "name": "@Home"
          },
          {
            "name": "@I"
          },
          {
            "name": "@MassaComSaldo"
          },
          {
            "name": "@CT004_VerificarContaComSaldo"
          }
        ]
      },
      {
        "start_timestamp": "2024-12-17T17:09:28.817Z",
        "before": [
          {
            "result": {
              "error_message": "java.lang.RuntimeException: Erro ao cadastrar usuário: Session ID is null. Using WebDriver after calling quit()?\nBuild info: version: \u00274.14.0\u0027, revision: \u0027e5a96349ce\u0027\nSystem info: os.name: \u0027Windows 10\u0027, os.arch: \u0027amd64\u0027, os.version: \u002710.0\u0027, java.version: \u002717.0.10\u0027\nDriver info: org.openqa.selenium.chrome.ChromeDriver\nCommand: [null, findElement {using\u003dxpath, value\u003d//*[@id\u003d\"__next\"]/div/div[2]/div/div[1]/form/div[3]/button[2]}]\nCapabilities {acceptInsecureCerts: false, browserName: chrome, browserVersion: 131.0.6778.140, chrome: {chromedriverVersion: 131.0.6778.108 (3b014839fbc..., userDataDir: C:\\Users\\joaov\\AppData\\Loca...}, fedcm:accounts: true, goog:chromeOptions: {debuggerAddress: localhost:62689}, networkConnectionEnabled: false, pageLoadStrategy: normal, platformName: windows, proxy: Proxy(), se:cdp: ws://localhost:62689/devtoo..., se:cdpVersion: 131.0.6778.140, setWindowRect: true, strictFileInteractability: false, timeouts: {implicit: 0, pageLoad: 300000, script: 30000}, unhandledPromptBehavior: dismiss and notify, webauthn:extension:credBlob: true, webauthn:extension:largeBlob: true, webauthn:extension:minPinLength: true, webauthn:extension:prf: true, webauthn:virtualAuthenticators: true}\r\n\tat automacao.utils.MassaDeDados.cadastrar(MassaDeDados.java:53)\r\n\tat automacao.steps.Hooks.geraMassaDeDadosSemSaldo(Hooks.java:52)\r\nCaused by: org.openqa.selenium.NoSuchSessionException: Session ID is null. Using WebDriver after calling quit()?\nBuild info: version: \u00274.14.0\u0027, revision: \u0027e5a96349ce\u0027\nSystem info: os.name: \u0027Windows 10\u0027, os.arch: \u0027amd64\u0027, os.version: \u002710.0\u0027, java.version: \u002717.0.10\u0027\nDriver info: org.openqa.selenium.chrome.ChromeDriver\nCommand: [null, findElement {using\u003dxpath, value\u003d//*[@id\u003d\"__next\"]/div/div[2]/div/div[1]/form/div[3]/button[2]}]\nCapabilities {acceptInsecureCerts: false, browserName: chrome, browserVersion: 131.0.6778.140, chrome: {chromedriverVersion: 131.0.6778.108 (3b014839fbc..., userDataDir: C:\\Users\\joaov\\AppData\\Loca...}, fedcm:accounts: true, goog:chromeOptions: {debuggerAddress: localhost:62689}, networkConnectionEnabled: false, pageLoadStrategy: normal, platformName: windows, proxy: Proxy(), se:cdp: ws://localhost:62689/devtoo..., se:cdpVersion: 131.0.6778.140, setWindowRect: true, strictFileInteractability: false, timeouts: {implicit: 0, pageLoad: 300000, script: 30000}, unhandledPromptBehavior: dismiss and notify, webauthn:extension:credBlob: true, webauthn:extension:largeBlob: true, webauthn:extension:minPinLength: true, webauthn:extension:prf: true, webauthn:virtualAuthenticators: true}\r\n\tat org.openqa.selenium.remote.HttpCommandExecutor.execute(HttpCommandExecutor.java:152)\r\n\tat org.openqa.selenium.remote.service.DriverCommandExecutor.invokeExecute(DriverCommandExecutor.java:196)\r\n\tat org.openqa.selenium.remote.service.DriverCommandExecutor.execute(DriverCommandExecutor.java:171)\r\n\tat org.openqa.selenium.remote.RemoteWebDriver.execute(RemoteWebDriver.java:602)\r\n\tat org.openqa.selenium.remote.ElementLocation$ElementFinder$2.findElement(ElementLocation.java:165)\r\n\tat org.openqa.selenium.remote.ElementLocation.findElement(ElementLocation.java:59)\r\n\tat org.openqa.selenium.remote.RemoteWebDriver.findElement(RemoteWebDriver.java:359)\r\n\tat org.openqa.selenium.remote.RemoteWebDriver.findElement(RemoteWebDriver.java:353)\r\n\tat org.openqa.selenium.support.pagefactory.DefaultElementLocator.findElement(DefaultElementLocator.java:68)\r\n\tat org.openqa.selenium.support.pagefactory.internal.LocatingElementHandler.invoke(LocatingElementHandler.java:38)\r\n\tat jdk.proxy2/jdk.proxy2.$Proxy20.isDisplayed(Unknown Source)\r\n\tat org.openqa.selenium.support.ui.ExpectedConditions.elementIfVisible(ExpectedConditions.java:304)\r\n\tat org.openqa.selenium.support.ui.ExpectedConditions$10.apply(ExpectedConditions.java:290)\r\n\tat org.openqa.selenium.support.ui.ExpectedConditions$10.apply(ExpectedConditions.java:287)\r\n\tat org.openqa.selenium.support.ui.ExpectedConditions$23.apply(ExpectedConditions.java:656)\r\n\tat org.openqa.selenium.support.ui.ExpectedConditions$23.apply(ExpectedConditions.java:652)\r\n\tat org.openqa.selenium.support.ui.FluentWait.until(FluentWait.java:205)\r\n\tat automacao.utils.PageUtils.clicar(PageUtils.java:31)\r\n\tat automacao.pages.CadastroPage.clickRegistrar(CadastroPage.java:90)\r\n\tat automacao.utils.MassaDeDados.cadastrar(MassaDeDados.java:38)\r\n\tat automacao.steps.Hooks.geraMassaDeDadosSemSaldo(Hooks.java:52)\r\n\tat java.base/jdk.internal.reflect.NativeMethodAccessorImpl.invoke0(Native Method)\r\n\tat java.base/jdk.internal.reflect.NativeMethodAccessorImpl.invoke(NativeMethodAccessorImpl.java:77)\r\n\tat java.base/jdk.internal.reflect.DelegatingMethodAccessorImpl.invoke(DelegatingMethodAccessorImpl.java:43)\r\n\tat java.base/java.lang.reflect.Method.invoke(Method.java:568)\r\n\tat io.cucumber.java.Invoker.doInvoke(Invoker.java:66)\r\n\tat io.cucumber.java.Invoker.invoke(Invoker.java:24)\r\n\tat io.cucumber.java.AbstractGlueDefinition.invokeMethod(AbstractGlueDefinition.java:47)\r\n\tat io.cucumber.java.JavaHookDefinition.execute(JavaHookDefinition.java:59)\r\n\tat io.cucumber.core.runner.CoreHookDefinition.execute(CoreHookDefinition.java:46)\r\n\tat io.cucumber.core.runner.HookDefinitionMatch.runStep(HookDefinitionMatch.java:21)\r\n\tat io.cucumber.core.runner.ExecutionMode$1.execute(ExecutionMode.java:10)\r\n\tat io.cucumber.core.runner.TestStep.executeStep(TestStep.java:92)\r\n\tat io.cucumber.core.runner.TestStep.run(TestStep.java:64)\r\n\tat io.cucumber.core.runner.TestCase.run(TestCase.java:98)\r\n\tat io.cucumber.core.runner.Runner.runPickle(Runner.java:73)\r\n\tat io.cucumber.junit.PickleRunners$NoStepDescriptions.run(PickleRunners.java:151)\r\n\tat io.cucumber.junit.FeatureRunner.runChild(FeatureRunner.java:135)\r\n\tat io.cucumber.junit.FeatureRunner.runChild(FeatureRunner.java:27)\r\n\tat org.junit.runners.ParentRunner$4.run(ParentRunner.java:331)\r\n\tat org.junit.runners.ParentRunner$1.schedule(ParentRunner.java:79)\r\n\tat org.junit.runners.ParentRunner.runChildren(ParentRunner.java:329)\r\n\tat org.junit.runners.ParentRunner.access$100(ParentRunner.java:66)\r\n\tat org.junit.runners.ParentRunner$2.evaluate(ParentRunner.java:293)\r\n\tat org.junit.runners.ParentRunner$3.evaluate(ParentRunner.java:306)\r\n\tat org.junit.runners.ParentRunner.run(ParentRunner.java:413)\r\n\tat io.cucumber.junit.Cucumber.runChild(Cucumber.java:200)\r\n\tat io.cucumber.junit.Cucumber.runChild(Cucumber.java:90)\r\n\tat org.junit.runners.ParentRunner$4.run(ParentRunner.java:331)\r\n\tat org.junit.runners.ParentRunner$1.schedule(ParentRunner.java:79)\r\n\tat org.junit.runners.ParentRunner.runChildren(ParentRunner.java:329)\r\n\tat org.junit.runners.ParentRunner.access$100(ParentRunner.java:66)\r\n\tat org.junit.runners.ParentRunner$2.evaluate(ParentRunner.java:293)\r\n\tat io.cucumber.junit.Cucumber$RunCucumber.evaluate(Cucumber.java:235)\r\n\tat org.junit.runners.ParentRunner$3.evaluate(ParentRunner.java:306)\r\n\tat org.junit.runners.ParentRunner.run(ParentRunner.java:413)\r\n\tat org.eclipse.jdt.internal.junit4.runner.JUnit4TestReference.run(JUnit4TestReference.java:93)\r\n\tat org.eclipse.jdt.internal.junit.runner.TestExecution.run(TestExecution.java:40)\r\n\tat org.eclipse.jdt.internal.junit.runner.RemoteTestRunner.runTests(RemoteTestRunner.java:530)\r\n\tat org.eclipse.jdt.internal.junit.runner.RemoteTestRunner.runTests(RemoteTestRunner.java:758)\r\n\tat org.eclipse.jdt.internal.junit.runner.RemoteTestRunner.run(RemoteTestRunner.java:453)\r\n\tat org.eclipse.jdt.internal.junit.runner.RemoteTestRunner.main(RemoteTestRunner.java:211)\r\n",
              "duration": 46995900,
              "status": "failed"
            },
            "match": {
              "location": "automacao.steps.Hooks.geraMassaDeDadosSemSaldo()"
            }
          },
          {
            "result": {
              "duration": 1578683300,
              "status": "passed"
            },
            "match": {
              "location": "automacao.steps.Hooks.setUp()"
            }
          }
        ],
        "line": 60,
        "name": "Verificar função de transferência",
        "description": "",
        "id": "testa-página-home;verificar-função-de-transferência;;2",
        "after": [
          {
            "result": {
              "duration": 368063500,
              "status": "passed"
            },
            "match": {
              "location": "automacao.steps.Hooks.tearDown()"
            }
          }
        ],
        "type": "scenario",
        "keyword": "Esquema do Cenário",
        "steps": [
          {
            "result": {
              "status": "skipped"
            },
            "line": 53,
            "name": "que eu esteja na tela inicial",
            "match": {
              "location": "automacao.steps.HomeSteps.que_eu_esteja_na_tela_inicial()"
            },
            "keyword": "Dado "
          },
          {
            "result": {
              "status": "skipped"
            },
            "line": 54,
            "name": "realizar o login sem saldo",
            "match": {
              "location": "automacao.steps.HomeSteps.realizar_o_login_sem_saldo()"
            },
            "keyword": "Quando "
          },
          {
            "result": {
              "status": "skipped"
            },
            "line": 55,
            "name": "clicar em tranferencia",
            "match": {
              "location": "automacao.steps.HomeSteps.clicar_em_tranferencia()"
            },
            "keyword": "E "
          },
          {
            "result": {
              "duration": 1002500,
              "status": "skipped"
            },
            "line": 56,
            "name": "a conta deve possuir a função de transferência \"/transfer\"",
            "match": {
              "arguments": [
                {
                  "val": "\"/transfer\"",
                  "offset": 47
                }
              ],
              "location": "automacao.steps.HomeSteps.a_conta_deve_possuir_a_funcão_de_transferência(java.lang.String)"
            },
            "keyword": "Entao "
          }
        ],
        "tags": [
          {
            "name": "@Home"
          },
          {
            "name": "@I"
          },
          {
            "name": "@MassaSemSaldo"
          },
          {
            "name": "@CT005_VerificarFuncaoTrasnferencia"
          }
        ]
      },
      {
        "start_timestamp": "2024-12-17T17:09:30.883Z",
        "before": [
          {
            "result": {
              "error_message": "java.lang.RuntimeException: Erro ao cadastrar usuário: Session ID is null. Using WebDriver after calling quit()?\nBuild info: version: \u00274.14.0\u0027, revision: \u0027e5a96349ce\u0027\nSystem info: os.name: \u0027Windows 10\u0027, os.arch: \u0027amd64\u0027, os.version: \u002710.0\u0027, java.version: \u002717.0.10\u0027\nDriver info: org.openqa.selenium.chrome.ChromeDriver\nCommand: [null, findElement {using\u003dxpath, value\u003d//*[@id\u003d\"__next\"]/div/div[2]/div/div[1]/form/div[3]/button[2]}]\nCapabilities {acceptInsecureCerts: false, browserName: chrome, browserVersion: 131.0.6778.140, chrome: {chromedriverVersion: 131.0.6778.108 (3b014839fbc..., userDataDir: C:\\Users\\joaov\\AppData\\Loca...}, fedcm:accounts: true, goog:chromeOptions: {debuggerAddress: localhost:62706}, networkConnectionEnabled: false, pageLoadStrategy: normal, platformName: windows, proxy: Proxy(), se:cdp: ws://localhost:62706/devtoo..., se:cdpVersion: 131.0.6778.140, setWindowRect: true, strictFileInteractability: false, timeouts: {implicit: 0, pageLoad: 300000, script: 30000}, unhandledPromptBehavior: dismiss and notify, webauthn:extension:credBlob: true, webauthn:extension:largeBlob: true, webauthn:extension:minPinLength: true, webauthn:extension:prf: true, webauthn:virtualAuthenticators: true}\r\n\tat automacao.utils.MassaDeDados.cadastrar(MassaDeDados.java:53)\r\n\tat automacao.steps.Hooks.geraMassaDeDadosSemSaldo(Hooks.java:52)\r\nCaused by: org.openqa.selenium.NoSuchSessionException: Session ID is null. Using WebDriver after calling quit()?\nBuild info: version: \u00274.14.0\u0027, revision: \u0027e5a96349ce\u0027\nSystem info: os.name: \u0027Windows 10\u0027, os.arch: \u0027amd64\u0027, os.version: \u002710.0\u0027, java.version: \u002717.0.10\u0027\nDriver info: org.openqa.selenium.chrome.ChromeDriver\nCommand: [null, findElement {using\u003dxpath, value\u003d//*[@id\u003d\"__next\"]/div/div[2]/div/div[1]/form/div[3]/button[2]}]\nCapabilities {acceptInsecureCerts: false, browserName: chrome, browserVersion: 131.0.6778.140, chrome: {chromedriverVersion: 131.0.6778.108 (3b014839fbc..., userDataDir: C:\\Users\\joaov\\AppData\\Loca...}, fedcm:accounts: true, goog:chromeOptions: {debuggerAddress: localhost:62706}, networkConnectionEnabled: false, pageLoadStrategy: normal, platformName: windows, proxy: Proxy(), se:cdp: ws://localhost:62706/devtoo..., se:cdpVersion: 131.0.6778.140, setWindowRect: true, strictFileInteractability: false, timeouts: {implicit: 0, pageLoad: 300000, script: 30000}, unhandledPromptBehavior: dismiss and notify, webauthn:extension:credBlob: true, webauthn:extension:largeBlob: true, webauthn:extension:minPinLength: true, webauthn:extension:prf: true, webauthn:virtualAuthenticators: true}\r\n\tat org.openqa.selenium.remote.HttpCommandExecutor.execute(HttpCommandExecutor.java:152)\r\n\tat org.openqa.selenium.remote.service.DriverCommandExecutor.invokeExecute(DriverCommandExecutor.java:196)\r\n\tat org.openqa.selenium.remote.service.DriverCommandExecutor.execute(DriverCommandExecutor.java:171)\r\n\tat org.openqa.selenium.remote.RemoteWebDriver.execute(RemoteWebDriver.java:602)\r\n\tat org.openqa.selenium.remote.ElementLocation$ElementFinder$2.findElement(ElementLocation.java:165)\r\n\tat org.openqa.selenium.remote.ElementLocation.findElement(ElementLocation.java:59)\r\n\tat org.openqa.selenium.remote.RemoteWebDriver.findElement(RemoteWebDriver.java:359)\r\n\tat org.openqa.selenium.remote.RemoteWebDriver.findElement(RemoteWebDriver.java:353)\r\n\tat org.openqa.selenium.support.pagefactory.DefaultElementLocator.findElement(DefaultElementLocator.java:68)\r\n\tat org.openqa.selenium.support.pagefactory.internal.LocatingElementHandler.invoke(LocatingElementHandler.java:38)\r\n\tat jdk.proxy2/jdk.proxy2.$Proxy20.isDisplayed(Unknown Source)\r\n\tat org.openqa.selenium.support.ui.ExpectedConditions.elementIfVisible(ExpectedConditions.java:304)\r\n\tat org.openqa.selenium.support.ui.ExpectedConditions$10.apply(ExpectedConditions.java:290)\r\n\tat org.openqa.selenium.support.ui.ExpectedConditions$10.apply(ExpectedConditions.java:287)\r\n\tat org.openqa.selenium.support.ui.ExpectedConditions$23.apply(ExpectedConditions.java:656)\r\n\tat org.openqa.selenium.support.ui.ExpectedConditions$23.apply(ExpectedConditions.java:652)\r\n\tat org.openqa.selenium.support.ui.FluentWait.until(FluentWait.java:205)\r\n\tat automacao.utils.PageUtils.clicar(PageUtils.java:31)\r\n\tat automacao.pages.CadastroPage.clickRegistrar(CadastroPage.java:90)\r\n\tat automacao.utils.MassaDeDados.cadastrar(MassaDeDados.java:38)\r\n\tat automacao.steps.Hooks.geraMassaDeDadosSemSaldo(Hooks.java:52)\r\n\tat java.base/jdk.internal.reflect.NativeMethodAccessorImpl.invoke0(Native Method)\r\n\tat java.base/jdk.internal.reflect.NativeMethodAccessorImpl.invoke(NativeMethodAccessorImpl.java:77)\r\n\tat java.base/jdk.internal.reflect.DelegatingMethodAccessorImpl.invoke(DelegatingMethodAccessorImpl.java:43)\r\n\tat java.base/java.lang.reflect.Method.invoke(Method.java:568)\r\n\tat io.cucumber.java.Invoker.doInvoke(Invoker.java:66)\r\n\tat io.cucumber.java.Invoker.invoke(Invoker.java:24)\r\n\tat io.cucumber.java.AbstractGlueDefinition.invokeMethod(AbstractGlueDefinition.java:47)\r\n\tat io.cucumber.java.JavaHookDefinition.execute(JavaHookDefinition.java:59)\r\n\tat io.cucumber.core.runner.CoreHookDefinition.execute(CoreHookDefinition.java:46)\r\n\tat io.cucumber.core.runner.HookDefinitionMatch.runStep(HookDefinitionMatch.java:21)\r\n\tat io.cucumber.core.runner.ExecutionMode$1.execute(ExecutionMode.java:10)\r\n\tat io.cucumber.core.runner.TestStep.executeStep(TestStep.java:92)\r\n\tat io.cucumber.core.runner.TestStep.run(TestStep.java:64)\r\n\tat io.cucumber.core.runner.TestCase.run(TestCase.java:98)\r\n\tat io.cucumber.core.runner.Runner.runPickle(Runner.java:73)\r\n\tat io.cucumber.junit.PickleRunners$NoStepDescriptions.run(PickleRunners.java:151)\r\n\tat io.cucumber.junit.FeatureRunner.runChild(FeatureRunner.java:135)\r\n\tat io.cucumber.junit.FeatureRunner.runChild(FeatureRunner.java:27)\r\n\tat org.junit.runners.ParentRunner$4.run(ParentRunner.java:331)\r\n\tat org.junit.runners.ParentRunner$1.schedule(ParentRunner.java:79)\r\n\tat org.junit.runners.ParentRunner.runChildren(ParentRunner.java:329)\r\n\tat org.junit.runners.ParentRunner.access$100(ParentRunner.java:66)\r\n\tat org.junit.runners.ParentRunner$2.evaluate(ParentRunner.java:293)\r\n\tat org.junit.runners.ParentRunner$3.evaluate(ParentRunner.java:306)\r\n\tat org.junit.runners.ParentRunner.run(ParentRunner.java:413)\r\n\tat io.cucumber.junit.Cucumber.runChild(Cucumber.java:200)\r\n\tat io.cucumber.junit.Cucumber.runChild(Cucumber.java:90)\r\n\tat org.junit.runners.ParentRunner$4.run(ParentRunner.java:331)\r\n\tat org.junit.runners.ParentRunner$1.schedule(ParentRunner.java:79)\r\n\tat org.junit.runners.ParentRunner.runChildren(ParentRunner.java:329)\r\n\tat org.junit.runners.ParentRunner.access$100(ParentRunner.java:66)\r\n\tat org.junit.runners.ParentRunner$2.evaluate(ParentRunner.java:293)\r\n\tat io.cucumber.junit.Cucumber$RunCucumber.evaluate(Cucumber.java:235)\r\n\tat org.junit.runners.ParentRunner$3.evaluate(ParentRunner.java:306)\r\n\tat org.junit.runners.ParentRunner.run(ParentRunner.java:413)\r\n\tat org.eclipse.jdt.internal.junit4.runner.JUnit4TestReference.run(JUnit4TestReference.java:93)\r\n\tat org.eclipse.jdt.internal.junit.runner.TestExecution.run(TestExecution.java:40)\r\n\tat org.eclipse.jdt.internal.junit.runner.RemoteTestRunner.runTests(RemoteTestRunner.java:530)\r\n\tat org.eclipse.jdt.internal.junit.runner.RemoteTestRunner.runTests(RemoteTestRunner.java:758)\r\n\tat org.eclipse.jdt.internal.junit.runner.RemoteTestRunner.run(RemoteTestRunner.java:453)\r\n\tat org.eclipse.jdt.internal.junit.runner.RemoteTestRunner.main(RemoteTestRunner.java:211)\r\n",
              "duration": 73001100,
              "status": "failed"
            },
            "match": {
              "location": "automacao.steps.Hooks.geraMassaDeDadosSemSaldo()"
            }
          },
          {
            "result": {
              "duration": 2184467400,
              "status": "passed"
            },
            "match": {
              "location": "automacao.steps.Hooks.setUp()"
            }
          }
        ],
        "line": 72,
        "name": "Verificar função de extrato",
        "description": "",
        "id": "testa-página-home;verificar-função-de-extrato;;2",
        "after": [
          {
            "result": {
              "duration": 387110500,
              "status": "passed"
            },
            "match": {
              "location": "automacao.steps.Hooks.tearDown()"
            }
          }
        ],
        "type": "scenario",
        "keyword": "Esquema do Cenário",
        "steps": [
          {
            "result": {
              "duration": 1001000,
              "status": "skipped"
            },
            "line": 65,
            "name": "que eu esteja na tela inicial",
            "match": {
              "location": "automacao.steps.HomeSteps.que_eu_esteja_na_tela_inicial()"
            },
            "keyword": "Dado "
          },
          {
            "result": {
              "status": "skipped"
            },
            "line": 66,
            "name": "realizar o login sem saldo",
            "match": {
              "location": "automacao.steps.HomeSteps.realizar_o_login_sem_saldo()"
            },
            "keyword": "Quando "
          },
          {
            "result": {
              "duration": 1000700,
              "status": "skipped"
            },
            "line": 67,
            "name": "clicar em extrato",
            "match": {
              "location": "automacao.steps.HomeSteps.clicar_em_extrato()"
            },
            "keyword": "E "
          },
          {
            "result": {
              "duration": 1000900,
              "status": "skipped"
            },
            "line": 68,
            "name": "a conta deve possuir a função de extrato \"/bank-statement\"",
            "match": {
              "arguments": [
                {
                  "val": "\"/bank-statement\"",
                  "offset": 41
                }
              ],
              "location": "automacao.steps.HomeSteps.a_conta_deve_possuir_a_funcão_de_extrato(java.lang.String)"
            },
            "keyword": "Entao "
          }
        ],
        "tags": [
          {
            "name": "@Home"
          },
          {
            "name": "@I"
          },
          {
            "name": "@MassaSemSaldo"
          },
          {
            "name": "@CT006_VerificarFuncaoExtrato"
          }
        ]
      },
      {
        "start_timestamp": "2024-12-17T17:09:33.635Z",
        "before": [
          {
            "result": {
              "error_message": "java.lang.RuntimeException: Erro ao cadastrar usuário: Session ID is null. Using WebDriver after calling quit()?\nBuild info: version: \u00274.14.0\u0027, revision: \u0027e5a96349ce\u0027\nSystem info: os.name: \u0027Windows 10\u0027, os.arch: \u0027amd64\u0027, os.version: \u002710.0\u0027, java.version: \u002717.0.10\u0027\nDriver info: org.openqa.selenium.chrome.ChromeDriver\nCommand: [null, findElement {using\u003dxpath, value\u003d//*[@id\u003d\"__next\"]/div/div[2]/div/div[1]/form/div[3]/button[2]}]\nCapabilities {acceptInsecureCerts: false, browserName: chrome, browserVersion: 131.0.6778.140, chrome: {chromedriverVersion: 131.0.6778.108 (3b014839fbc..., userDataDir: C:\\Users\\joaov\\AppData\\Loca...}, fedcm:accounts: true, goog:chromeOptions: {debuggerAddress: localhost:62720}, networkConnectionEnabled: false, pageLoadStrategy: normal, platformName: windows, proxy: Proxy(), se:cdp: ws://localhost:62720/devtoo..., se:cdpVersion: 131.0.6778.140, setWindowRect: true, strictFileInteractability: false, timeouts: {implicit: 0, pageLoad: 300000, script: 30000}, unhandledPromptBehavior: dismiss and notify, webauthn:extension:credBlob: true, webauthn:extension:largeBlob: true, webauthn:extension:minPinLength: true, webauthn:extension:prf: true, webauthn:virtualAuthenticators: true}\r\n\tat automacao.utils.MassaDeDados.cadastrar(MassaDeDados.java:53)\r\n\tat automacao.steps.Hooks.geraMassaDeDadosSemSaldo(Hooks.java:52)\r\nCaused by: org.openqa.selenium.NoSuchSessionException: Session ID is null. Using WebDriver after calling quit()?\nBuild info: version: \u00274.14.0\u0027, revision: \u0027e5a96349ce\u0027\nSystem info: os.name: \u0027Windows 10\u0027, os.arch: \u0027amd64\u0027, os.version: \u002710.0\u0027, java.version: \u002717.0.10\u0027\nDriver info: org.openqa.selenium.chrome.ChromeDriver\nCommand: [null, findElement {using\u003dxpath, value\u003d//*[@id\u003d\"__next\"]/div/div[2]/div/div[1]/form/div[3]/button[2]}]\nCapabilities {acceptInsecureCerts: false, browserName: chrome, browserVersion: 131.0.6778.140, chrome: {chromedriverVersion: 131.0.6778.108 (3b014839fbc..., userDataDir: C:\\Users\\joaov\\AppData\\Loca...}, fedcm:accounts: true, goog:chromeOptions: {debuggerAddress: localhost:62720}, networkConnectionEnabled: false, pageLoadStrategy: normal, platformName: windows, proxy: Proxy(), se:cdp: ws://localhost:62720/devtoo..., se:cdpVersion: 131.0.6778.140, setWindowRect: true, strictFileInteractability: false, timeouts: {implicit: 0, pageLoad: 300000, script: 30000}, unhandledPromptBehavior: dismiss and notify, webauthn:extension:credBlob: true, webauthn:extension:largeBlob: true, webauthn:extension:minPinLength: true, webauthn:extension:prf: true, webauthn:virtualAuthenticators: true}\r\n\tat org.openqa.selenium.remote.HttpCommandExecutor.execute(HttpCommandExecutor.java:152)\r\n\tat org.openqa.selenium.remote.service.DriverCommandExecutor.invokeExecute(DriverCommandExecutor.java:196)\r\n\tat org.openqa.selenium.remote.service.DriverCommandExecutor.execute(DriverCommandExecutor.java:171)\r\n\tat org.openqa.selenium.remote.RemoteWebDriver.execute(RemoteWebDriver.java:602)\r\n\tat org.openqa.selenium.remote.ElementLocation$ElementFinder$2.findElement(ElementLocation.java:165)\r\n\tat org.openqa.selenium.remote.ElementLocation.findElement(ElementLocation.java:59)\r\n\tat org.openqa.selenium.remote.RemoteWebDriver.findElement(RemoteWebDriver.java:359)\r\n\tat org.openqa.selenium.remote.RemoteWebDriver.findElement(RemoteWebDriver.java:353)\r\n\tat org.openqa.selenium.support.pagefactory.DefaultElementLocator.findElement(DefaultElementLocator.java:68)\r\n\tat org.openqa.selenium.support.pagefactory.internal.LocatingElementHandler.invoke(LocatingElementHandler.java:38)\r\n\tat jdk.proxy2/jdk.proxy2.$Proxy20.isDisplayed(Unknown Source)\r\n\tat org.openqa.selenium.support.ui.ExpectedConditions.elementIfVisible(ExpectedConditions.java:304)\r\n\tat org.openqa.selenium.support.ui.ExpectedConditions$10.apply(ExpectedConditions.java:290)\r\n\tat org.openqa.selenium.support.ui.ExpectedConditions$10.apply(ExpectedConditions.java:287)\r\n\tat org.openqa.selenium.support.ui.ExpectedConditions$23.apply(ExpectedConditions.java:656)\r\n\tat org.openqa.selenium.support.ui.ExpectedConditions$23.apply(ExpectedConditions.java:652)\r\n\tat org.openqa.selenium.support.ui.FluentWait.until(FluentWait.java:205)\r\n\tat automacao.utils.PageUtils.clicar(PageUtils.java:31)\r\n\tat automacao.pages.CadastroPage.clickRegistrar(CadastroPage.java:90)\r\n\tat automacao.utils.MassaDeDados.cadastrar(MassaDeDados.java:38)\r\n\tat automacao.steps.Hooks.geraMassaDeDadosSemSaldo(Hooks.java:52)\r\n\tat java.base/jdk.internal.reflect.NativeMethodAccessorImpl.invoke0(Native Method)\r\n\tat java.base/jdk.internal.reflect.NativeMethodAccessorImpl.invoke(NativeMethodAccessorImpl.java:77)\r\n\tat java.base/jdk.internal.reflect.DelegatingMethodAccessorImpl.invoke(DelegatingMethodAccessorImpl.java:43)\r\n\tat java.base/java.lang.reflect.Method.invoke(Method.java:568)\r\n\tat io.cucumber.java.Invoker.doInvoke(Invoker.java:66)\r\n\tat io.cucumber.java.Invoker.invoke(Invoker.java:24)\r\n\tat io.cucumber.java.AbstractGlueDefinition.invokeMethod(AbstractGlueDefinition.java:47)\r\n\tat io.cucumber.java.JavaHookDefinition.execute(JavaHookDefinition.java:59)\r\n\tat io.cucumber.core.runner.CoreHookDefinition.execute(CoreHookDefinition.java:46)\r\n\tat io.cucumber.core.runner.HookDefinitionMatch.runStep(HookDefinitionMatch.java:21)\r\n\tat io.cucumber.core.runner.ExecutionMode$1.execute(ExecutionMode.java:10)\r\n\tat io.cucumber.core.runner.TestStep.executeStep(TestStep.java:92)\r\n\tat io.cucumber.core.runner.TestStep.run(TestStep.java:64)\r\n\tat io.cucumber.core.runner.TestCase.run(TestCase.java:98)\r\n\tat io.cucumber.core.runner.Runner.runPickle(Runner.java:73)\r\n\tat io.cucumber.junit.PickleRunners$NoStepDescriptions.run(PickleRunners.java:151)\r\n\tat io.cucumber.junit.FeatureRunner.runChild(FeatureRunner.java:135)\r\n\tat io.cucumber.junit.FeatureRunner.runChild(FeatureRunner.java:27)\r\n\tat org.junit.runners.ParentRunner$4.run(ParentRunner.java:331)\r\n\tat org.junit.runners.ParentRunner$1.schedule(ParentRunner.java:79)\r\n\tat org.junit.runners.ParentRunner.runChildren(ParentRunner.java:329)\r\n\tat org.junit.runners.ParentRunner.access$100(ParentRunner.java:66)\r\n\tat org.junit.runners.ParentRunner$2.evaluate(ParentRunner.java:293)\r\n\tat org.junit.runners.ParentRunner$3.evaluate(ParentRunner.java:306)\r\n\tat org.junit.runners.ParentRunner.run(ParentRunner.java:413)\r\n\tat io.cucumber.junit.Cucumber.runChild(Cucumber.java:200)\r\n\tat io.cucumber.junit.Cucumber.runChild(Cucumber.java:90)\r\n\tat org.junit.runners.ParentRunner$4.run(ParentRunner.java:331)\r\n\tat org.junit.runners.ParentRunner$1.schedule(ParentRunner.java:79)\r\n\tat org.junit.runners.ParentRunner.runChildren(ParentRunner.java:329)\r\n\tat org.junit.runners.ParentRunner.access$100(ParentRunner.java:66)\r\n\tat org.junit.runners.ParentRunner$2.evaluate(ParentRunner.java:293)\r\n\tat io.cucumber.junit.Cucumber$RunCucumber.evaluate(Cucumber.java:235)\r\n\tat org.junit.runners.ParentRunner$3.evaluate(ParentRunner.java:306)\r\n\tat org.junit.runners.ParentRunner.run(ParentRunner.java:413)\r\n\tat org.eclipse.jdt.internal.junit4.runner.JUnit4TestReference.run(JUnit4TestReference.java:93)\r\n\tat org.eclipse.jdt.internal.junit.runner.TestExecution.run(TestExecution.java:40)\r\n\tat org.eclipse.jdt.internal.junit.runner.RemoteTestRunner.runTests(RemoteTestRunner.java:530)\r\n\tat org.eclipse.jdt.internal.junit.runner.RemoteTestRunner.runTests(RemoteTestRunner.java:758)\r\n\tat org.eclipse.jdt.internal.junit.runner.RemoteTestRunner.run(RemoteTestRunner.java:453)\r\n\tat org.eclipse.jdt.internal.junit.runner.RemoteTestRunner.main(RemoteTestRunner.java:211)\r\n",
              "duration": 23012500,
              "status": "failed"
            },
            "match": {
              "location": "automacao.steps.Hooks.geraMassaDeDadosSemSaldo()"
            }
          },
          {
            "result": {
              "duration": 1884575300,
              "status": "passed"
            },
            "match": {
              "location": "automacao.steps.Hooks.setUp()"
            }
          }
        ],
        "line": 84,
        "name": "Verificar botão sair",
        "description": "",
        "id": "testa-página-home;verificar-botão-sair;;2",
        "after": [
          {
            "result": {
              "duration": 258057300,
              "status": "passed"
            },
            "match": {
              "location": "automacao.steps.Hooks.tearDown()"
            }
          }
        ],
        "type": "scenario",
        "keyword": "Esquema do Cenário",
        "steps": [
          {
            "result": {
              "status": "skipped"
            },
            "line": 77,
            "name": "que eu esteja na tela inicial",
            "match": {
              "location": "automacao.steps.HomeSteps.que_eu_esteja_na_tela_inicial()"
            },
            "keyword": "Dado "
          },
          {
            "result": {
              "status": "skipped"
            },
            "line": 78,
            "name": "realizar o login sem saldo",
            "match": {
              "location": "automacao.steps.HomeSteps.realizar_o_login_sem_saldo()"
            },
            "keyword": "E "
          },
          {
            "result": {
              "duration": 3998400,
              "status": "skipped"
            },
            "line": 79,
            "name": "clicar em sair",
            "match": {
              "location": "automacao.steps.HomeSteps.clicar_em_sair()"
            },
            "keyword": "Quando "
          },
          {
            "result": {
              "status": "skipped"
            },
            "line": 80,
            "name": "a pagina deve voltar a tela inicial",
            "match": {
              "location": "automacao.steps.HomeSteps.a_pagina_deve_voltar_a_tela_inicial()"
            },
            "keyword": "Entao "
          }
        ],
        "tags": [
          {
            "name": "@Home"
          },
          {
            "name": "@I"
          },
          {
            "name": "@MassaSemSaldo"
          },
          {
            "name": "@CT007_VerificarBotaoSair"
          }
        ]
      }
    ],
    "name": "testa página home",
    "description": "",
    "id": "testa-página-home",
    "keyword": "Funcionalidade",
    "uri": "file:src/test/resources/features/home.feature",
    "tags": [
      {
        "name": "@Home",
        "type": "Tag",
        "location": {
          "line": 3,
          "column": 1
        }
      },
      {
        "name": "@I",
        "type": "Tag",
        "location": {
          "line": 3,
          "column": 7
        }
      }
    ]
  }
]